<?xml version="1.0" encoding="utf-8" ?>
<!DOCTYPE html PUBLIC "-//W3C//DTD XHTML 1.0 Strict//EN"
        "http://www.w3.org/TR/xhtml1/DTD/xhtml1-strict.dtd">
<html xmlns="http://www.w3.org/1999/xhtml" xml:lang="" lang="">
<head>
  <title>Test Results Report - Default test</title>
  <meta http-equiv="Content-Type" content="text/html;charset=utf-8" />
  <meta name="description" content="TestNG unit test results." />
  <link href="reportng.css" rel="stylesheet" type="text/css" />
    <script type="text/javascript" src="reportng.js"></script>
</head>
<body>
<h1>Default test</h1>
<p>
  Test duration: 35.650s
</p>



  <table class="resultsTable">
    <tr><th colspan="3" class="header failed">Failed Tests</th></tr>
          <tr>
        <td colspan="3" class="group">Webq.Case.CaseUI</td>
      </tr>
            
<tr>
  <td class="method">
                  TestWebqPageHomeCheckHeadTitle
      </td>
  <td class="duration">
    3.489s
  </td>
  <td class="result">
        
    
        

        <a href="javascript:toggleElement('exception-0', 'block')" title="Click to expand/collapse"><b>org.openqa.selenium.TimeoutException: Expected condition failed: waiting for Webq.Locator.ResolveLocator$1@34997338 (tried for 3 second(s) with 500 MILLISECONDS interval)<br/>
Build info: version: &apos;2.53.0&apos;, revision: &apos;35ae25b1534ae328c771e0856c93e187490ca824&apos;, time: &apos;2016-03-15 10:43:46&apos;<br/>
System info: host: &apos;localhost&apos;, ip: &apos;127.0.0.1&apos;, os.name: &apos;Mac OS X&apos;, os.arch: &apos;x86_64&apos;, os.version: &apos;10.11.6&apos;, java.version: &apos;1.8.0_66&apos;<br/>
Driver info: org.openqa.selenium.firefox.FirefoxDriver<br/>
Capabilities [{applicationCacheEnabled=true, rotatable=false, handlesAlerts=true, databaseEnabled=true, version=45.3.0, platform=MAC, nativeEvents=false, acceptSslCerts=true, webStorageEnabled=true, locationContextEnabled=true, browserName=firefox, takesScreenshot=true, javascriptEnabled=true, cssSelectorsEnabled=true}]<br/>
Session ID: 83f39def-20cb-044b-8c98-8583b1c5a442</b></a><br />
    <div class="stackTrace" id="exception-0">
              org.openqa.selenium.support.ui.WebDriverWait.timeoutException(WebDriverWait.java:80)<br />
              org.openqa.selenium.support.ui.FluentWait.until(FluentWait.java:265)<br />
              Webq.Locator.ResolveLocator.findElement(ResolveLocator.java:73)<br />
              Webq.Base.WebqBasePage.getPageHead(WebqBasePage.java:130)<br />
              Webq.Page.WebqPageHome.getHeadPageHome(WebqPageHome.java:94)<br />
              Webq.Case.CaseUI.TestWebqPageHomeCheckHeadTitle(CaseUI.java:62)<br />
              sun.reflect.NativeMethodAccessorImpl.invoke0(Native Method)<br />
              sun.reflect.NativeMethodAccessorImpl.invoke(NativeMethodAccessorImpl.java:62)<br />
              sun.reflect.DelegatingMethodAccessorImpl.invoke(DelegatingMethodAccessorImpl.java:43)<br />
              java.lang.reflect.Method.invoke(Method.java:497)<br />
              org.testng.internal.MethodInvocationHelper.invokeMethod(MethodInvocationHelper.java:86)<br />
              org.testng.internal.Invoker.invokeMethod(Invoker.java:643)<br />
              org.testng.internal.Invoker.invokeTestMethod(Invoker.java:820)<br />
              org.testng.internal.Invoker.invokeTestMethods(Invoker.java:1128)<br />
              org.testng.internal.TestMethodWorker.invokeTestMethods(TestMethodWorker.java:129)<br />
              org.testng.internal.TestMethodWorker.run(TestMethodWorker.java:112)<br />
              org.testng.TestRunner.privateRun(TestRunner.java:782)<br />
              org.testng.TestRunner.run(TestRunner.java:632)<br />
              org.testng.SuiteRunner.runTest(SuiteRunner.java:366)<br />
              org.testng.SuiteRunner.runSequentially(SuiteRunner.java:361)<br />
              org.testng.SuiteRunner.privateRun(SuiteRunner.java:319)<br />
              org.testng.SuiteRunner.run(SuiteRunner.java:268)<br />
              org.testng.SuiteRunnerWorker.runSuite(SuiteRunnerWorker.java:52)<br />
              org.testng.SuiteRunnerWorker.run(SuiteRunnerWorker.java:86)<br />
              org.testng.TestNG.runSuitesSequentially(TestNG.java:1244)<br />
              org.testng.TestNG.runSuitesLocally(TestNG.java:1169)<br />
              org.testng.TestNG.run(TestNG.java:1064)<br />
              org.testng.remote.RemoteTestNG.run(RemoteTestNG.java:113)<br />
              org.testng.remote.RemoteTestNG.initAndRun(RemoteTestNG.java:206)<br />
              org.testng.remote.RemoteTestNG.main(RemoteTestNG.java:177)<br />
                    <b>Caused by: </b> <a href="javascript:toggleElement('exception-1', 'block')" title="Click to expand/collapse">org.openqa.selenium.NoSuchElementException: Unable to locate element: {&quot;method&quot;:&quot;xpath&quot;,&quot;selector&quot;:&quot;html/head/title&quot;}<br/>
Command duration or timeout: 12 milliseconds<br/>
For documentation on this error, please visit: http://seleniumhq.org/exceptions/no_such_element.html<br/>
Build info: version: &apos;2.53.0&apos;, revision: &apos;35ae25b1534ae328c771e0856c93e187490ca824&apos;, time: &apos;2016-03-15 10:43:46&apos;<br/>
System info: host: &apos;localhost&apos;, ip: &apos;127.0.0.1&apos;, os.name: &apos;Mac OS X&apos;, os.arch: &apos;x86_64&apos;, os.version: &apos;10.11.6&apos;, java.version: &apos;1.8.0_66&apos;<br/>
Driver info: org.openqa.selenium.firefox.FirefoxDriver<br/>
Capabilities [{applicationCacheEnabled=true, rotatable=false, handlesAlerts=true, databaseEnabled=true, version=45.3.0, platform=MAC, nativeEvents=false, acceptSslCerts=true, webStorageEnabled=true, locationContextEnabled=true, browserName=firefox, takesScreenshot=true, javascriptEnabled=true, cssSelectorsEnabled=true}]<br/>
Session ID: 83f39def-20cb-044b-8c98-8583b1c5a442<br/>
*** Element info: {Using=xpath, value=html/head/title}</a><br />
        <div class="stackTrace" id="exception-1">
                      sun.reflect.NativeConstructorAccessorImpl.newInstance0(Native Method)<br />
                      sun.reflect.NativeConstructorAccessorImpl.newInstance(NativeConstructorAccessorImpl.java:62)<br />
                      sun.reflect.DelegatingConstructorAccessorImpl.newInstance(DelegatingConstructorAccessorImpl.java:45)<br />
                      java.lang.reflect.Constructor.newInstance(Constructor.java:422)<br />
                      org.openqa.selenium.remote.ErrorHandler.createThrowable(ErrorHandler.java:206)<br />
                      org.openqa.selenium.remote.ErrorHandler.throwIfResponseFailed(ErrorHandler.java:158)<br />
                      org.openqa.selenium.remote.RemoteWebDriver.execute(RemoteWebDriver.java:678)<br />
                      org.openqa.selenium.remote.RemoteWebDriver.findElement(RemoteWebDriver.java:363)<br />
                      org.openqa.selenium.remote.RemoteWebDriver.findElementByXPath(RemoteWebDriver.java:500)<br />
                      org.openqa.selenium.By$ByXPath.findElement(By.java:361)<br />
                      org.openqa.selenium.remote.RemoteWebDriver.findElement(RemoteWebDriver.java:355)<br />
                      Webq.Locator.ResolveLocator.getElement(ResolveLocator.java:127)<br />
                      Webq.Locator.ResolveLocator$1.apply(ResolveLocator.java:78)<br />
                      Webq.Locator.ResolveLocator$1.apply(ResolveLocator.java:73)<br />
                      org.openqa.selenium.support.ui.FluentWait.until(FluentWait.java:238)<br />
                      Webq.Locator.ResolveLocator.findElement(ResolveLocator.java:73)<br />
                      Webq.Base.WebqBasePage.getPageHead(WebqBasePage.java:130)<br />
                      Webq.Page.WebqPageHome.getHeadPageHome(WebqPageHome.java:94)<br />
                      Webq.Case.CaseUI.TestWebqPageHomeCheckHeadTitle(CaseUI.java:62)<br />
                      sun.reflect.NativeMethodAccessorImpl.invoke0(Native Method)<br />
                      sun.reflect.NativeMethodAccessorImpl.invoke(NativeMethodAccessorImpl.java:62)<br />
                      sun.reflect.DelegatingMethodAccessorImpl.invoke(DelegatingMethodAccessorImpl.java:43)<br />
                      java.lang.reflect.Method.invoke(Method.java:497)<br />
                      org.testng.internal.MethodInvocationHelper.invokeMethod(MethodInvocationHelper.java:86)<br />
                      org.testng.internal.Invoker.invokeMethod(Invoker.java:643)<br />
                      org.testng.internal.Invoker.invokeTestMethod(Invoker.java:820)<br />
                      org.testng.internal.Invoker.invokeTestMethods(Invoker.java:1128)<br />
                      org.testng.internal.TestMethodWorker.invokeTestMethods(TestMethodWorker.java:129)<br />
                      org.testng.internal.TestMethodWorker.run(TestMethodWorker.java:112)<br />
                      org.testng.TestRunner.privateRun(TestRunner.java:782)<br />
                      org.testng.TestRunner.run(TestRunner.java:632)<br />
                      org.testng.SuiteRunner.runTest(SuiteRunner.java:366)<br />
                      org.testng.SuiteRunner.runSequentially(SuiteRunner.java:361)<br />
                      org.testng.SuiteRunner.privateRun(SuiteRunner.java:319)<br />
                      org.testng.SuiteRunner.run(SuiteRunner.java:268)<br />
                      org.testng.SuiteRunnerWorker.runSuite(SuiteRunnerWorker.java:52)<br />
                      org.testng.SuiteRunnerWorker.run(SuiteRunnerWorker.java:86)<br />
                      org.testng.TestNG.runSuitesSequentially(TestNG.java:1244)<br />
                      org.testng.TestNG.runSuitesLocally(TestNG.java:1169)<br />
                      org.testng.TestNG.run(TestNG.java:1064)<br />
                      org.testng.remote.RemoteTestNG.run(RemoteTestNG.java:113)<br />
                      org.testng.remote.RemoteTestNG.initAndRun(RemoteTestNG.java:206)<br />
                      org.testng.remote.RemoteTestNG.main(RemoteTestNG.java:177)<br />
                  </div>
              <b>Caused by: </b> <a href="javascript:toggleElement('exception-2', 'block')" title="Click to expand/collapse">org.openqa.selenium.NoSuchElementException: Unable to locate element: {&quot;method&quot;:&quot;xpath&quot;,&quot;selector&quot;:&quot;html/head/title&quot;}<br/>
For documentation on this error, please visit: http://seleniumhq.org/exceptions/no_such_element.html<br/>
Build info: version: &apos;2.53.0&apos;, revision: &apos;35ae25b1534ae328c771e0856c93e187490ca824&apos;, time: &apos;2016-03-15 10:43:46&apos;<br/>
System info: host: &apos;localhost&apos;, ip: &apos;127.0.0.1&apos;, os.name: &apos;Mac OS X&apos;, os.arch: &apos;x86_64&apos;, os.version: &apos;10.11.6&apos;, java.version: &apos;1.8.0_66&apos;<br/>
Driver info: driver.version: unknown</a><br />
        <div class="stackTrace" id="exception-2">
                      &lt;anonymous class&gt;.FirefoxDriver.prototype.findElementInternal_(file:///var/folders/xf/kdg8kbhj4fn2_0fpfvbl9v300000gp/T/anonymous3335583199876406430webdriver-profile/extensions/fxdriver@googlecode.com/components/driver-component.js:10770)<br />
                      &lt;anonymous class&gt;.FirefoxDriver.prototype.findElement(file:///var/folders/xf/kdg8kbhj4fn2_0fpfvbl9v300000gp/T/anonymous3335583199876406430webdriver-profile/extensions/fxdriver@googlecode.com/components/driver-component.js:10779)<br />
                      &lt;anonymous class&gt;.DelayedCommand.prototype.executeInternal_/h(file:///var/folders/xf/kdg8kbhj4fn2_0fpfvbl9v300000gp/T/anonymous3335583199876406430webdriver-profile/extensions/fxdriver@googlecode.com/components/command-processor.js:12661)<br />
                      &lt;anonymous class&gt;.DelayedCommand.prototype.executeInternal_(file:///var/folders/xf/kdg8kbhj4fn2_0fpfvbl9v300000gp/T/anonymous3335583199876406430webdriver-profile/extensions/fxdriver@googlecode.com/components/command-processor.js:12666)<br />
                      &lt;anonymous class&gt;.DelayedCommand.prototype.execute/&lt;(file:///var/folders/xf/kdg8kbhj4fn2_0fpfvbl9v300000gp/T/anonymous3335583199876406430webdriver-profile/extensions/fxdriver@googlecode.com/components/command-processor.js:12608)<br />
                  </div>
          </div>
      </td>
</tr>
<tr>
  <td class="method">
                  TestWebqPageHomeCheckLogoSize
      </td>
  <td class="duration">
    3.177s
  </td>
  <td class="result">
        
    
        

        <a href="javascript:toggleElement('exception-3', 'block')" title="Click to expand/collapse"><b>org.openqa.selenium.TimeoutException: Expected condition failed: waiting for Webq.Locator.ResolveLocator$1@60d1a32f (tried for 3 second(s) with 500 MILLISECONDS interval)<br/>
Build info: version: &apos;2.53.0&apos;, revision: &apos;35ae25b1534ae328c771e0856c93e187490ca824&apos;, time: &apos;2016-03-15 10:43:46&apos;<br/>
System info: host: &apos;localhost&apos;, ip: &apos;127.0.0.1&apos;, os.name: &apos;Mac OS X&apos;, os.arch: &apos;x86_64&apos;, os.version: &apos;10.11.6&apos;, java.version: &apos;1.8.0_66&apos;<br/>
Driver info: org.openqa.selenium.firefox.FirefoxDriver<br/>
Capabilities [{applicationCacheEnabled=true, rotatable=false, handlesAlerts=true, databaseEnabled=true, version=45.3.0, platform=MAC, nativeEvents=false, acceptSslCerts=true, webStorageEnabled=true, locationContextEnabled=true, browserName=firefox, takesScreenshot=true, javascriptEnabled=true, cssSelectorsEnabled=true}]<br/>
Session ID: 83f39def-20cb-044b-8c98-8583b1c5a442</b></a><br />
    <div class="stackTrace" id="exception-3">
              org.openqa.selenium.support.ui.WebDriverWait.timeoutException(WebDriverWait.java:80)<br />
              org.openqa.selenium.support.ui.FluentWait.until(FluentWait.java:265)<br />
              Webq.Locator.ResolveLocator.findElement(ResolveLocator.java:73)<br />
              Webq.Base.WebqBasePage.getLogoSize(WebqBasePage.java:145)<br />
              Webq.Page.WebqPageHome.getLogoSize(WebqPageHome.java:108)<br />
              Webq.Case.CaseUI.TestWebqPageHomeCheckLogoSize(CaseUI.java:73)<br />
              sun.reflect.NativeMethodAccessorImpl.invoke0(Native Method)<br />
              sun.reflect.NativeMethodAccessorImpl.invoke(NativeMethodAccessorImpl.java:62)<br />
              sun.reflect.DelegatingMethodAccessorImpl.invoke(DelegatingMethodAccessorImpl.java:43)<br />
              java.lang.reflect.Method.invoke(Method.java:497)<br />
              org.testng.internal.MethodInvocationHelper.invokeMethod(MethodInvocationHelper.java:86)<br />
              org.testng.internal.Invoker.invokeMethod(Invoker.java:643)<br />
              org.testng.internal.Invoker.invokeTestMethod(Invoker.java:820)<br />
              org.testng.internal.Invoker.invokeTestMethods(Invoker.java:1128)<br />
              org.testng.internal.TestMethodWorker.invokeTestMethods(TestMethodWorker.java:129)<br />
              org.testng.internal.TestMethodWorker.run(TestMethodWorker.java:112)<br />
              org.testng.TestRunner.privateRun(TestRunner.java:782)<br />
              org.testng.TestRunner.run(TestRunner.java:632)<br />
              org.testng.SuiteRunner.runTest(SuiteRunner.java:366)<br />
              org.testng.SuiteRunner.runSequentially(SuiteRunner.java:361)<br />
              org.testng.SuiteRunner.privateRun(SuiteRunner.java:319)<br />
              org.testng.SuiteRunner.run(SuiteRunner.java:268)<br />
              org.testng.SuiteRunnerWorker.runSuite(SuiteRunnerWorker.java:52)<br />
              org.testng.SuiteRunnerWorker.run(SuiteRunnerWorker.java:86)<br />
              org.testng.TestNG.runSuitesSequentially(TestNG.java:1244)<br />
              org.testng.TestNG.runSuitesLocally(TestNG.java:1169)<br />
              org.testng.TestNG.run(TestNG.java:1064)<br />
              org.testng.remote.RemoteTestNG.run(RemoteTestNG.java:113)<br />
              org.testng.remote.RemoteTestNG.initAndRun(RemoteTestNG.java:206)<br />
              org.testng.remote.RemoteTestNG.main(RemoteTestNG.java:177)<br />
                    <b>Caused by: </b> <a href="javascript:toggleElement('exception-4', 'block')" title="Click to expand/collapse">org.openqa.selenium.NoSuchElementException: Unable to locate element: {&quot;method&quot;:&quot;xpath&quot;,&quot;selector&quot;:&quot;.//div[@class = &apos;logo&apos;]&quot;}<br/>
Command duration or timeout: 16 milliseconds<br/>
For documentation on this error, please visit: http://seleniumhq.org/exceptions/no_such_element.html<br/>
Build info: version: &apos;2.53.0&apos;, revision: &apos;35ae25b1534ae328c771e0856c93e187490ca824&apos;, time: &apos;2016-03-15 10:43:46&apos;<br/>
System info: host: &apos;localhost&apos;, ip: &apos;127.0.0.1&apos;, os.name: &apos;Mac OS X&apos;, os.arch: &apos;x86_64&apos;, os.version: &apos;10.11.6&apos;, java.version: &apos;1.8.0_66&apos;<br/>
Driver info: org.openqa.selenium.firefox.FirefoxDriver<br/>
Capabilities [{applicationCacheEnabled=true, rotatable=false, handlesAlerts=true, databaseEnabled=true, version=45.3.0, platform=MAC, nativeEvents=false, acceptSslCerts=true, webStorageEnabled=true, locationContextEnabled=true, browserName=firefox, takesScreenshot=true, javascriptEnabled=true, cssSelectorsEnabled=true}]<br/>
Session ID: 83f39def-20cb-044b-8c98-8583b1c5a442<br/>
*** Element info: {Using=xpath, value=.//div[@class = &apos;logo&apos;]}</a><br />
        <div class="stackTrace" id="exception-4">
                      sun.reflect.NativeConstructorAccessorImpl.newInstance0(Native Method)<br />
                      sun.reflect.NativeConstructorAccessorImpl.newInstance(NativeConstructorAccessorImpl.java:62)<br />
                      sun.reflect.DelegatingConstructorAccessorImpl.newInstance(DelegatingConstructorAccessorImpl.java:45)<br />
                      java.lang.reflect.Constructor.newInstance(Constructor.java:422)<br />
                      org.openqa.selenium.remote.ErrorHandler.createThrowable(ErrorHandler.java:206)<br />
                      org.openqa.selenium.remote.ErrorHandler.throwIfResponseFailed(ErrorHandler.java:158)<br />
                      org.openqa.selenium.remote.RemoteWebDriver.execute(RemoteWebDriver.java:678)<br />
                      org.openqa.selenium.remote.RemoteWebDriver.findElement(RemoteWebDriver.java:363)<br />
                      org.openqa.selenium.remote.RemoteWebDriver.findElementByXPath(RemoteWebDriver.java:500)<br />
                      org.openqa.selenium.By$ByXPath.findElement(By.java:361)<br />
                      org.openqa.selenium.remote.RemoteWebDriver.findElement(RemoteWebDriver.java:355)<br />
                      Webq.Locator.ResolveLocator.getElement(ResolveLocator.java:127)<br />
                      Webq.Locator.ResolveLocator$1.apply(ResolveLocator.java:78)<br />
                      Webq.Locator.ResolveLocator$1.apply(ResolveLocator.java:73)<br />
                      org.openqa.selenium.support.ui.FluentWait.until(FluentWait.java:238)<br />
                      Webq.Locator.ResolveLocator.findElement(ResolveLocator.java:73)<br />
                      Webq.Base.WebqBasePage.getLogoSize(WebqBasePage.java:145)<br />
                      Webq.Page.WebqPageHome.getLogoSize(WebqPageHome.java:108)<br />
                      Webq.Case.CaseUI.TestWebqPageHomeCheckLogoSize(CaseUI.java:73)<br />
                      sun.reflect.NativeMethodAccessorImpl.invoke0(Native Method)<br />
                      sun.reflect.NativeMethodAccessorImpl.invoke(NativeMethodAccessorImpl.java:62)<br />
                      sun.reflect.DelegatingMethodAccessorImpl.invoke(DelegatingMethodAccessorImpl.java:43)<br />
                      java.lang.reflect.Method.invoke(Method.java:497)<br />
                      org.testng.internal.MethodInvocationHelper.invokeMethod(MethodInvocationHelper.java:86)<br />
                      org.testng.internal.Invoker.invokeMethod(Invoker.java:643)<br />
                      org.testng.internal.Invoker.invokeTestMethod(Invoker.java:820)<br />
                      org.testng.internal.Invoker.invokeTestMethods(Invoker.java:1128)<br />
                      org.testng.internal.TestMethodWorker.invokeTestMethods(TestMethodWorker.java:129)<br />
                      org.testng.internal.TestMethodWorker.run(TestMethodWorker.java:112)<br />
                      org.testng.TestRunner.privateRun(TestRunner.java:782)<br />
                      org.testng.TestRunner.run(TestRunner.java:632)<br />
                      org.testng.SuiteRunner.runTest(SuiteRunner.java:366)<br />
                      org.testng.SuiteRunner.runSequentially(SuiteRunner.java:361)<br />
                      org.testng.SuiteRunner.privateRun(SuiteRunner.java:319)<br />
                      org.testng.SuiteRunner.run(SuiteRunner.java:268)<br />
                      org.testng.SuiteRunnerWorker.runSuite(SuiteRunnerWorker.java:52)<br />
                      org.testng.SuiteRunnerWorker.run(SuiteRunnerWorker.java:86)<br />
                      org.testng.TestNG.runSuitesSequentially(TestNG.java:1244)<br />
                      org.testng.TestNG.runSuitesLocally(TestNG.java:1169)<br />
                      org.testng.TestNG.run(TestNG.java:1064)<br />
                      org.testng.remote.RemoteTestNG.run(RemoteTestNG.java:113)<br />
                      org.testng.remote.RemoteTestNG.initAndRun(RemoteTestNG.java:206)<br />
                      org.testng.remote.RemoteTestNG.main(RemoteTestNG.java:177)<br />
                  </div>
              <b>Caused by: </b> <a href="javascript:toggleElement('exception-5', 'block')" title="Click to expand/collapse">org.openqa.selenium.NoSuchElementException: Unable to locate element: {&quot;method&quot;:&quot;xpath&quot;,&quot;selector&quot;:&quot;.//div[@class = &apos;logo&apos;]&quot;}<br/>
For documentation on this error, please visit: http://seleniumhq.org/exceptions/no_such_element.html<br/>
Build info: version: &apos;2.53.0&apos;, revision: &apos;35ae25b1534ae328c771e0856c93e187490ca824&apos;, time: &apos;2016-03-15 10:43:46&apos;<br/>
System info: host: &apos;localhost&apos;, ip: &apos;127.0.0.1&apos;, os.name: &apos;Mac OS X&apos;, os.arch: &apos;x86_64&apos;, os.version: &apos;10.11.6&apos;, java.version: &apos;1.8.0_66&apos;<br/>
Driver info: driver.version: unknown</a><br />
        <div class="stackTrace" id="exception-5">
                      &lt;anonymous class&gt;.FirefoxDriver.prototype.findElementInternal_(file:///var/folders/xf/kdg8kbhj4fn2_0fpfvbl9v300000gp/T/anonymous3335583199876406430webdriver-profile/extensions/fxdriver@googlecode.com/components/driver-component.js:10770)<br />
                      &lt;anonymous class&gt;.FirefoxDriver.prototype.findElement(file:///var/folders/xf/kdg8kbhj4fn2_0fpfvbl9v300000gp/T/anonymous3335583199876406430webdriver-profile/extensions/fxdriver@googlecode.com/components/driver-component.js:10779)<br />
                      &lt;anonymous class&gt;.DelayedCommand.prototype.executeInternal_/h(file:///var/folders/xf/kdg8kbhj4fn2_0fpfvbl9v300000gp/T/anonymous3335583199876406430webdriver-profile/extensions/fxdriver@googlecode.com/components/command-processor.js:12661)<br />
                      &lt;anonymous class&gt;.DelayedCommand.prototype.executeInternal_(file:///var/folders/xf/kdg8kbhj4fn2_0fpfvbl9v300000gp/T/anonymous3335583199876406430webdriver-profile/extensions/fxdriver@googlecode.com/components/command-processor.js:12666)<br />
                      &lt;anonymous class&gt;.DelayedCommand.prototype.execute/&lt;(file:///var/folders/xf/kdg8kbhj4fn2_0fpfvbl9v300000gp/T/anonymous3335583199876406430webdriver-profile/extensions/fxdriver@googlecode.com/components/command-processor.js:12608)<br />
                  </div>
          </div>
      </td>
</tr>
<tr>
  <td class="method">
                  TestWebqPageHomeCheckPerUrl
      </td>
  <td class="duration">
    3.388s
  </td>
  <td class="result">
        
    
        

        <a href="javascript:toggleElement('exception-6', 'block')" title="Click to expand/collapse"><b>org.openqa.selenium.TimeoutException: Expected condition failed: waiting for Webq.Locator.ResolveLocator$1@51cd7ffc (tried for 3 second(s) with 500 MILLISECONDS interval)<br/>
Build info: version: &apos;2.53.0&apos;, revision: &apos;35ae25b1534ae328c771e0856c93e187490ca824&apos;, time: &apos;2016-03-15 10:43:46&apos;<br/>
System info: host: &apos;localhost&apos;, ip: &apos;127.0.0.1&apos;, os.name: &apos;Mac OS X&apos;, os.arch: &apos;x86_64&apos;, os.version: &apos;10.11.6&apos;, java.version: &apos;1.8.0_66&apos;<br/>
Driver info: org.openqa.selenium.firefox.FirefoxDriver<br/>
Capabilities [{applicationCacheEnabled=true, rotatable=false, handlesAlerts=true, databaseEnabled=true, version=45.3.0, platform=MAC, nativeEvents=false, acceptSslCerts=true, webStorageEnabled=true, locationContextEnabled=true, browserName=firefox, takesScreenshot=true, javascriptEnabled=true, cssSelectorsEnabled=true}]<br/>
Session ID: 83f39def-20cb-044b-8c98-8583b1c5a442</b></a><br />
    <div class="stackTrace" id="exception-6">
              org.openqa.selenium.support.ui.WebDriverWait.timeoutException(WebDriverWait.java:80)<br />
              org.openqa.selenium.support.ui.FluentWait.until(FluentWait.java:265)<br />
              Webq.Locator.ResolveLocator.findElement(ResolveLocator.java:73)<br />
              Webq.Base.WebqBasePage.getPerTitle(WebqBasePage.java:166)<br />
              Webq.Page.WebqPageHome.getPerTitle(WebqPageHome.java:126)<br />
              Webq.Case.CaseUI.TestWebqPageHomeCheckPerUrl(CaseUI.java:80)<br />
              sun.reflect.NativeMethodAccessorImpl.invoke0(Native Method)<br />
              sun.reflect.NativeMethodAccessorImpl.invoke(NativeMethodAccessorImpl.java:62)<br />
              sun.reflect.DelegatingMethodAccessorImpl.invoke(DelegatingMethodAccessorImpl.java:43)<br />
              java.lang.reflect.Method.invoke(Method.java:497)<br />
              org.testng.internal.MethodInvocationHelper.invokeMethod(MethodInvocationHelper.java:86)<br />
              org.testng.internal.Invoker.invokeMethod(Invoker.java:643)<br />
              org.testng.internal.Invoker.invokeTestMethod(Invoker.java:820)<br />
              org.testng.internal.Invoker.invokeTestMethods(Invoker.java:1128)<br />
              org.testng.internal.TestMethodWorker.invokeTestMethods(TestMethodWorker.java:129)<br />
              org.testng.internal.TestMethodWorker.run(TestMethodWorker.java:112)<br />
              org.testng.TestRunner.privateRun(TestRunner.java:782)<br />
              org.testng.TestRunner.run(TestRunner.java:632)<br />
              org.testng.SuiteRunner.runTest(SuiteRunner.java:366)<br />
              org.testng.SuiteRunner.runSequentially(SuiteRunner.java:361)<br />
              org.testng.SuiteRunner.privateRun(SuiteRunner.java:319)<br />
              org.testng.SuiteRunner.run(SuiteRunner.java:268)<br />
              org.testng.SuiteRunnerWorker.runSuite(SuiteRunnerWorker.java:52)<br />
              org.testng.SuiteRunnerWorker.run(SuiteRunnerWorker.java:86)<br />
              org.testng.TestNG.runSuitesSequentially(TestNG.java:1244)<br />
              org.testng.TestNG.runSuitesLocally(TestNG.java:1169)<br />
              org.testng.TestNG.run(TestNG.java:1064)<br />
              org.testng.remote.RemoteTestNG.run(RemoteTestNG.java:113)<br />
              org.testng.remote.RemoteTestNG.initAndRun(RemoteTestNG.java:206)<br />
              org.testng.remote.RemoteTestNG.main(RemoteTestNG.java:177)<br />
                    <b>Caused by: </b> <a href="javascript:toggleElement('exception-7', 'block')" title="Click to expand/collapse">org.openqa.selenium.NoSuchElementException: Unable to locate element: {&quot;method&quot;:&quot;xpath&quot;,&quot;selector&quot;:&quot;.//*[@id=&apos;per&apos;]/h4&quot;}<br/>
Command duration or timeout: 21 milliseconds<br/>
For documentation on this error, please visit: http://seleniumhq.org/exceptions/no_such_element.html<br/>
Build info: version: &apos;2.53.0&apos;, revision: &apos;35ae25b1534ae328c771e0856c93e187490ca824&apos;, time: &apos;2016-03-15 10:43:46&apos;<br/>
System info: host: &apos;localhost&apos;, ip: &apos;127.0.0.1&apos;, os.name: &apos;Mac OS X&apos;, os.arch: &apos;x86_64&apos;, os.version: &apos;10.11.6&apos;, java.version: &apos;1.8.0_66&apos;<br/>
Driver info: org.openqa.selenium.firefox.FirefoxDriver<br/>
Capabilities [{applicationCacheEnabled=true, rotatable=false, handlesAlerts=true, databaseEnabled=true, version=45.3.0, platform=MAC, nativeEvents=false, acceptSslCerts=true, webStorageEnabled=true, locationContextEnabled=true, browserName=firefox, takesScreenshot=true, javascriptEnabled=true, cssSelectorsEnabled=true}]<br/>
Session ID: 83f39def-20cb-044b-8c98-8583b1c5a442<br/>
*** Element info: {Using=xpath, value=.//*[@id=&apos;per&apos;]/h4}</a><br />
        <div class="stackTrace" id="exception-7">
                      sun.reflect.GeneratedConstructorAccessor18.newInstance(Unknown Source)<br />
                      sun.reflect.DelegatingConstructorAccessorImpl.newInstance(DelegatingConstructorAccessorImpl.java:45)<br />
                      java.lang.reflect.Constructor.newInstance(Constructor.java:422)<br />
                      org.openqa.selenium.remote.ErrorHandler.createThrowable(ErrorHandler.java:206)<br />
                      org.openqa.selenium.remote.ErrorHandler.throwIfResponseFailed(ErrorHandler.java:158)<br />
                      org.openqa.selenium.remote.RemoteWebDriver.execute(RemoteWebDriver.java:678)<br />
                      org.openqa.selenium.remote.RemoteWebDriver.findElement(RemoteWebDriver.java:363)<br />
                      org.openqa.selenium.remote.RemoteWebDriver.findElementByXPath(RemoteWebDriver.java:500)<br />
                      org.openqa.selenium.By$ByXPath.findElement(By.java:361)<br />
                      org.openqa.selenium.remote.RemoteWebDriver.findElement(RemoteWebDriver.java:355)<br />
                      Webq.Locator.ResolveLocator.getElement(ResolveLocator.java:127)<br />
                      Webq.Locator.ResolveLocator$1.apply(ResolveLocator.java:78)<br />
                      Webq.Locator.ResolveLocator$1.apply(ResolveLocator.java:73)<br />
                      org.openqa.selenium.support.ui.FluentWait.until(FluentWait.java:238)<br />
                      Webq.Locator.ResolveLocator.findElement(ResolveLocator.java:73)<br />
                      Webq.Base.WebqBasePage.getPerTitle(WebqBasePage.java:166)<br />
                      Webq.Page.WebqPageHome.getPerTitle(WebqPageHome.java:126)<br />
                      Webq.Case.CaseUI.TestWebqPageHomeCheckPerUrl(CaseUI.java:80)<br />
                      sun.reflect.NativeMethodAccessorImpl.invoke0(Native Method)<br />
                      sun.reflect.NativeMethodAccessorImpl.invoke(NativeMethodAccessorImpl.java:62)<br />
                      sun.reflect.DelegatingMethodAccessorImpl.invoke(DelegatingMethodAccessorImpl.java:43)<br />
                      java.lang.reflect.Method.invoke(Method.java:497)<br />
                      org.testng.internal.MethodInvocationHelper.invokeMethod(MethodInvocationHelper.java:86)<br />
                      org.testng.internal.Invoker.invokeMethod(Invoker.java:643)<br />
                      org.testng.internal.Invoker.invokeTestMethod(Invoker.java:820)<br />
                      org.testng.internal.Invoker.invokeTestMethods(Invoker.java:1128)<br />
                      org.testng.internal.TestMethodWorker.invokeTestMethods(TestMethodWorker.java:129)<br />
                      org.testng.internal.TestMethodWorker.run(TestMethodWorker.java:112)<br />
                      org.testng.TestRunner.privateRun(TestRunner.java:782)<br />
                      org.testng.TestRunner.run(TestRunner.java:632)<br />
                      org.testng.SuiteRunner.runTest(SuiteRunner.java:366)<br />
                      org.testng.SuiteRunner.runSequentially(SuiteRunner.java:361)<br />
                      org.testng.SuiteRunner.privateRun(SuiteRunner.java:319)<br />
                      org.testng.SuiteRunner.run(SuiteRunner.java:268)<br />
                      org.testng.SuiteRunnerWorker.runSuite(SuiteRunnerWorker.java:52)<br />
                      org.testng.SuiteRunnerWorker.run(SuiteRunnerWorker.java:86)<br />
                      org.testng.TestNG.runSuitesSequentially(TestNG.java:1244)<br />
                      org.testng.TestNG.runSuitesLocally(TestNG.java:1169)<br />
                      org.testng.TestNG.run(TestNG.java:1064)<br />
                      org.testng.remote.RemoteTestNG.run(RemoteTestNG.java:113)<br />
                      org.testng.remote.RemoteTestNG.initAndRun(RemoteTestNG.java:206)<br />
                      org.testng.remote.RemoteTestNG.main(RemoteTestNG.java:177)<br />
                  </div>
              <b>Caused by: </b> <a href="javascript:toggleElement('exception-8', 'block')" title="Click to expand/collapse">org.openqa.selenium.NoSuchElementException: Unable to locate element: {&quot;method&quot;:&quot;xpath&quot;,&quot;selector&quot;:&quot;.//*[@id=&apos;per&apos;]/h4&quot;}<br/>
For documentation on this error, please visit: http://seleniumhq.org/exceptions/no_such_element.html<br/>
Build info: version: &apos;2.53.0&apos;, revision: &apos;35ae25b1534ae328c771e0856c93e187490ca824&apos;, time: &apos;2016-03-15 10:43:46&apos;<br/>
System info: host: &apos;localhost&apos;, ip: &apos;127.0.0.1&apos;, os.name: &apos;Mac OS X&apos;, os.arch: &apos;x86_64&apos;, os.version: &apos;10.11.6&apos;, java.version: &apos;1.8.0_66&apos;<br/>
Driver info: driver.version: unknown</a><br />
        <div class="stackTrace" id="exception-8">
                      &lt;anonymous class&gt;.FirefoxDriver.prototype.findElementInternal_(file:///var/folders/xf/kdg8kbhj4fn2_0fpfvbl9v300000gp/T/anonymous3335583199876406430webdriver-profile/extensions/fxdriver@googlecode.com/components/driver-component.js:10770)<br />
                      &lt;anonymous class&gt;.FirefoxDriver.prototype.findElement(file:///var/folders/xf/kdg8kbhj4fn2_0fpfvbl9v300000gp/T/anonymous3335583199876406430webdriver-profile/extensions/fxdriver@googlecode.com/components/driver-component.js:10779)<br />
                      &lt;anonymous class&gt;.DelayedCommand.prototype.executeInternal_/h(file:///var/folders/xf/kdg8kbhj4fn2_0fpfvbl9v300000gp/T/anonymous3335583199876406430webdriver-profile/extensions/fxdriver@googlecode.com/components/command-processor.js:12661)<br />
                      &lt;anonymous class&gt;.DelayedCommand.prototype.executeInternal_(file:///var/folders/xf/kdg8kbhj4fn2_0fpfvbl9v300000gp/T/anonymous3335583199876406430webdriver-profile/extensions/fxdriver@googlecode.com/components/command-processor.js:12666)<br />
                      &lt;anonymous class&gt;.DelayedCommand.prototype.execute/&lt;(file:///var/folders/xf/kdg8kbhj4fn2_0fpfvbl9v300000gp/T/anonymous3335583199876406430webdriver-profile/extensions/fxdriver@googlecode.com/components/command-processor.js:12608)<br />
                  </div>
          </div>
      </td>
</tr>
      </table>


  <table class="resultsTable">
    <tr><th colspan="3" class="header passed">Passed Tests</th></tr>
          <tr>
        <td colspan="3" class="group">Webq.Case.CaseUI</td>
      </tr>
            
<tr>
  <td class="method">
                  TestWebqLoginOut
      </td>
  <td class="duration">
    0.018s
  </td>
  <td class="result">
        
    
        

      </td>
</tr>
<tr>
  <td class="method">
                  TestWebqPageHomeLoginCheckPresentUrl
      </td>
  <td class="duration">
    25.302s
  </td>
  <td class="result">
        
    
        

      </td>
</tr>
      </table>
  
</body>
</html>
